Ansys Lumerical 2023 R2.3 FDTD Solver Version 8.30.3578 (Windows 64bit)
 expires (month/day/year): 1/31/2024
using config file: Ansys Licensing set with ANSYSLMD_LICENSE_FILE
license host: 1055@localhost
current time: Do Nov 30 12:40:09 2023
Running on host: DESKTOP-57RCIEO
host available memory (GB): 1.614328
All processes are communicating and ready to proceed to simulation...
Running fsp file: C:\Program Files\Lumerical\v232\bin\fdtd-engine-msmpi.exe -t 1 -remote -shared-solve-license QU5TWVNfTElDRU5TSU5HX0NPTlRFWFRfREFUQT08QU5TWVNfTElDRU5TSU5HX0NPTlRFWFRfREFUQT48SUQ+NGIxZDdhNmQtNWI5My00YWRiLWI4YzEtOWIyMGM4ZDg5NGEzPC9JRD48VFlQRT5IUENfUEFSQU1FVFJJQzwvVFlQRT48TkFNRT5IUEMgUGFyYW1ldHJpYzwvTkFNRT48SEFORExFUj42MzcyNEBERVNLVE9QLTU3UkNJRU88L0hBTkRMRVI+PC9BTlNZU19MSUNFTlNJTkdfQ09OVEVYVF9EQVRBPgo= C:/Users/Luis Mickeler/Documents/Masterarbeit/Scattering Structures/FDTD/builds/grating coupler example/grating_coupler_2D.fsp
Starting meshing
Simulation size in gridpoints: 1 x 52 x 1
Refined 0 mesh cells (0%)
Completed meshing!
Meshing complete in 0.015625 seconds of CPU time
Starting meshing
Simulation size in gridpoints: 1 x 52 x 1
Refined 0 mesh cells (0%)
Completed meshing!
Meshing complete in 0 seconds of CPU time
Starting meshing
Simulation size in gridpoints: 1 x 52 x 1
Refined 0 mesh cells (0%)
Completed meshing!
Meshing complete in 0 seconds of CPU time
left is a duplicate key.
bottom is a duplicate key.
z1 is a duplicate key.
z2 is a duplicate key.
Nx is a duplicate key.
Ny is a duplicate key.
Nz is a duplicate key.
Starting meshing
Simulation size in gridpoints: 1046 x 1 x 1
Refined 0 mesh cells (0%)
Completed meshing!
Meshing complete in 0 seconds of CPU time
Starting meshing
Simulation size in gridpoints: 1046 x 1 x 1
Refined 0 mesh cells (0%)
Completed meshing!
Meshing complete in 0 seconds of CPU time
Starting meshing
Simulation size in gridpoints: 1046 x 1 x 1
Refined 0 mesh cells (0%)
Completed meshing!
Meshing complete in 0 seconds of CPU time
Starting meshing
Simulation size in gridpoints: 1046 x 1 x 1
Refined 0 mesh cells (0%)
Completed meshing!
Meshing complete in 0 seconds of CPU time
Starting meshing
Simulation size in gridpoints: 1046 x 1 x 1
Refined 0 mesh cells (0%)
Completed meshing!
Meshing complete in 0 seconds of CPU time
Starting meshing
Simulation size in gridpoints: 1046 x 1 x 1
Refined 0 mesh cells (0%)
Completed meshing!
Meshing complete in 0 seconds of CPU time
left is a duplicate key.
bottom is a duplicate key.
z1 is a duplicate key.
z2 is a duplicate key.
Nx is a duplicate key.
Ny is a duplicate key.
Nz is a duplicate key.
number of processors is 4
processors are distributed as: 4x1x1
Running 2D Simulation
Starting meshing
Simulation size in gridpoints: 372 x 143 x 1
Refined 0 mesh cells (0%)
Completed meshing!
Meshing complete in 0.03125 seconds of CPU time
0 0
Starting meshing
Simulation size in gridpoints: 372 x 143 x 1
Refined 0 mesh cells (0%)
Completed meshing!
Meshing complete in 0.03125 seconds of CPU time
0 0
finished material properties
Selected kernel with optimization level: 2 and split-field propagation direction: 0
Starting meshing
Simulation size in gridpoints: 372 x 143 x 1
Refined 0 mesh cells (0%)
Completed meshing!
Meshing complete in 0.015625 seconds of CPU time
0 0
Selected kernel with optimization level: 2 and split-field propagation direction: 0
-----------------------------------------
Beginning initialization of 2D FDTD Simulation
  Including TM Simulation
Starting to add sources to simulation

Adding Mode source propagating in Y
Using frequency dependent profile
Starting to add boundary conditions to simulation
Adding PML BC
Adding parallel BC
Adding PML BC
Adding PML BC
Starting to add monitors to Simulation
Adding analysis monitor
Adding frequency monitor
Adding frequency monitor
Adding movie monitor
Adding movie monitor
Finished initialization of 2D Simulation
-----------------------------------------
All processes are communicating and ready to proceed to simulation...
Starting 27826 total iterations
0.172501% complete. Elapsed simulation time: 3.45002e-15 secs. Max time remaining: 56 secs. Auto Shutoff: 1
1.78251% complete. Elapsed simulation time: 3.56502e-14 secs. Max time remaining: 1 min, 3 secs. Auto Shutoff: 1
3.62252% complete. Elapsed simulation time: 7.24505e-14 secs. Max time remaining: 1 min, 2 secs. Auto Shutoff: 1
5.46254% complete. Elapsed simulation time: 1.09251e-13 secs. Max time remaining: 56 secs. Auto Shutoff: 0.167918
9.14256% complete. Elapsed simulation time: 1.82851e-13 secs. Max time remaining: 50 secs. Auto Shutoff: 0.0410994
12.8226% complete. Elapsed simulation time: 2.56452e-13 secs. Max time remaining: 46 secs. Auto Shutoff: 0.0335357
16.5026% complete. Elapsed simulation time: 3.30052e-13 secs. Max time remaining: 43 secs. Auto Shutoff: 0.0300907
20.1826% complete. Elapsed simulation time: 4.03653e-13 secs. Max time remaining: 40 secs. Auto Shutoff: 0.00399306
23.8627% complete. Elapsed simulation time: 4.77253e-13 secs. Max time remaining: 38 secs. Auto Shutoff: 0.00013018
100% complete. Max time remaining: 0 mins, 0 secs. Auto Shutoff: 7.92645e-06
Early termination of simulation, the autoshutoff criteria are satisfied.
Completed 6871 iterations, or 4.938565e-13s of Simulation Time
Process 0 starting to collect data
    collecting TM monitor data
    collecting TE monitor data
    collecting TM source data
Using frequency dependent profile
    collecting TE source data
Finished collecting data
left is a duplicate key.
bottom is a duplicate key.
z1 is a duplicate key.
z2 is a duplicate key.
Nx is a duplicate key.
Ny is a duplicate key.
Nz is a duplicate key.
left is a duplicate key.
bottom is a duplicate key.
z1 is a duplicate key.
z2 is a duplicate key.
Nx is a duplicate key.
Ny is a duplicate key.
Nz is a duplicate key.
Simulation completed successfully at: Do Nov 30 12:41:19 2023
Overall wall time measurements in seconds: 71.02
    time to mesh and initialize: 0.238329
    time to run FDTD simulation: 12.2066
    time to checkpoint simulation: 0
    time to finalize data and save to files: 56.8474
    miscellaneous time: 1.72766
    FDTD solver speed on process 0: 29.9435 Mnodes/s
    total FDTD solver speed on 4 processes: 119.774 Mnodes/s
